\BOOKMARK [1][]{section.1}{Introduction}{}% 1
\BOOKMARK [1][]{section.2}{Materials and Methods}{}% 2
\BOOKMARK [2][]{subsection.2.1}{Material}{section.2}% 3
\BOOKMARK [2][]{subsection.2.2}{Experimental protocol}{section.2}% 4
\BOOKMARK [3][]{subsubsection.2.2.1}{Experiment 1: studying the oddball ERPs}{subsection.2.2}% 5
\BOOKMARK [3][]{subsubsection.2.2.2}{Experiment 2: studying the SSVEP responses}{subsection.2.2}% 6
\BOOKMARK [3][]{subsubsection.2.2.3}{Experiment 3: hybrid classification}{subsection.2.2}% 7
\BOOKMARK [2][]{subsection.2.3}{Data Analysis}{section.2}% 8
\BOOKMARK [3][]{subsubsection.2.3.1}{Experiment 1: Observing the ERPs}{subsection.2.3}% 9
\BOOKMARK [3][]{subsubsection.2.3.2}{Experiment 1: Classifying the ERPs}{subsection.2.3}% 10
\BOOKMARK [3][]{subsubsection.2.3.3}{Experiment 1: single v.s. multiple oddball classifier\(s\)}{subsection.2.3}% 11
\BOOKMARK [3][]{subsubsection.2.3.4}{Experiment 2: SSVEP response analysis}{subsection.2.3}% 12
\BOOKMARK [3][]{subsubsection.2.3.5}{Experiment 3: hybrid classification}{subsection.2.3}% 13
\BOOKMARK [1][]{section.3}{Results}{}% 14
\BOOKMARK [2][]{subsection.3.1}{Experiment 1: observing the oddball ERPs}{section.3}% 15
\BOOKMARK [2][]{subsection.3.2}{Experiment 1: classifying the oddball ERPs}{section.3}% 16
\BOOKMARK [2][]{subsection.3.3}{Experiment 1: single v.s. multiple oddball classifier\(s\)}{section.3}% 17
\BOOKMARK [2][]{subsection.3.4}{Experiment 2: studying the SSVEP responses}{section.3}% 18
\BOOKMARK [2][]{subsection.3.5}{Experiment 3: hybrid classification}{section.3}% 19
\BOOKMARK [1][]{section.4}{Discussion}{}% 20
\BOOKMARK [2][]{subsection.4.1}{Optimal training of the oddball ERP classifier}{section.4}% 21
\BOOKMARK [2][]{subsection.4.2}{}{section.4}% 22
\BOOKMARK [2][]{subsection.4.3}{}{section.4}% 23
\BOOKMARK [1][]{section.5}{Conclusion}{}% 24
